\BOOKMARK [1][-]{section.1}{\376\377\000I\000n\000t\000r\000o\000d\000u\000c\000t\000i\000o\000n}{}% 1
\BOOKMARK [1][-]{section.2}{\376\377\000N\000o\000t\000a\000t\000i\000o\000n}{}% 2
\BOOKMARK [1][-]{section.3}{\376\377\000B\000a\000c\000k\000g\000r\000o\000u\000n\000d}{}% 3
\BOOKMARK [2][-]{subsection.3.1}{\376\377\000T\000y\000p\000e\000s\000\040\000o\000f\000\040\000G\000r\000a\000p\000h\000s}{section.3}% 4
\BOOKMARK [2][-]{subsection.3.2}{\376\377\000G\000r\000a\000p\000h\000\040\000M\000o\000t\000i\000f\000s}{section.3}% 5
\BOOKMARK [2][-]{subsection.3.3}{\376\377\000M\000e\000t\000h\000o\000d\000s\000\040\000f\000o\000r\000\040\000T\000r\000i\000a\000n\000g\000l\000e\000\040\000C\000o\000u\000n\000t\000i\000n\000g}{section.3}% 6
\BOOKMARK [3][-]{subsubsection.3.3.1}{\376\377\000S\000a\000m\000p\000l\000i\000n\000g\000\040\000M\000e\000t\000h\000o\000d\000s}{subsection.3.3}% 7
\BOOKMARK [3][-]{subsubsection.3.3.2}{\376\377\000L\000i\000n\000e\000a\000r\000\040\000A\000l\000g\000e\000b\000r\000a\000i\000c\000\040\000M\000e\000t\000h\000o\000d\000s}{subsection.3.3}% 8
\BOOKMARK [2][-]{subsection.3.4}{\376\377\000G\000e\000n\000e\000r\000a\000l\000\040\000A\000l\000g\000o\000r\000i\000t\000h\000m\000i\000c\000\040\000S\000t\000r\000a\000t\000e\000g\000i\000e\000s}{section.3}% 9
\BOOKMARK [3][-]{subsubsection.3.4.1}{\376\377\000V\000a\000r\000i\000a\000n\000c\000e\000\040\000R\000e\000d\000u\000c\000t\000i\000o\000n}{subsection.3.4}% 10
\BOOKMARK [3][-]{subsubsection.3.4.2}{\376\377\000I\000m\000p\000o\000r\000t\000a\000n\000c\000e\000\040\000S\000a\000m\000p\000l\000i\000n\000g}{subsection.3.4}% 11
\BOOKMARK [3][-]{subsubsection.3.4.3}{\376\377\000L\000e\000a\000r\000n\000i\000n\000g\000-\000A\000u\000g\000m\000e\000n\000t\000e\000d\000\040\000A\000l\000g\000o\000r\000i\000t\000h\000m\000s}{subsection.3.4}% 12
\BOOKMARK [1][-]{section.4}{\376\377\000M\000e\000t\000h\000o\000d\000s}{}% 13
\BOOKMARK [2][-]{subsection.4.1}{\376\377\000I\000m\000p\000l\000e\000m\000e\000n\000t\000a\000t\000i\000o\000n}{section.4}% 14
\BOOKMARK [2][-]{subsection.4.2}{\376\377\000D\000a\000t\000a\000s\000e\000t\000s}{section.4}% 15
\BOOKMARK [2][-]{subsection.4.3}{\376\377\000S\000a\000m\000p\000l\000i\000n\000g\000\040\000M\000e\000t\000h\000o\000d\000s\000\040\000E\000v\000a\000l\000u\000a\000t\000e\000d}{section.4}% 16
\BOOKMARK [2][-]{subsection.4.4}{\376\377\000E\000v\000a\000l\000u\000a\000t\000i\000o\000n\000\040\000M\000e\000t\000r\000i\000c\000s}{section.4}% 17
\BOOKMARK [2][-]{subsection.4.5}{\376\377\000A\000d\000d\000i\000t\000i\000o\000n\000a\000l\000\040\000E\000x\000p\000l\000o\000r\000a\000t\000i\000o\000n\000s}{section.4}% 18
\BOOKMARK [3][-]{subsubsection.4.5.1}{\376\377\0004\000-\000C\000l\000i\000q\000u\000e\000\040\000V\000a\000r\000i\000a\000n\000t}{subsection.4.5}% 19
\BOOKMARK [3][-]{subsubsection.4.5.2}{\376\377\000S\000i\000m\000u\000l\000a\000t\000e\000d\000\040\000M\000e\000t\000h\000o\000d\000\040\000T\000e\000s\000t\000s}{subsection.4.5}% 20
\BOOKMARK [1][-]{section.5}{\376\377\000R\000e\000s\000u\000l\000t\000s}{}% 21
\BOOKMARK [2][-]{subsection.5.1}{\376\377\000T\000r\000i\000a\000n\000g\000l\000e\000\040\000C\000o\000u\000n\000t\000i\000n\000g}{section.5}% 22
\BOOKMARK [3][-]{subsubsection.5.1.1}{\376\377\000A\000c\000c\000u\000r\000a\000c\000y\000\040\000a\000n\000d\000\040\000R\000u\000n\000t\000i\000m\000e\000\040\000C\000o\000m\000p\000a\000r\000i\000s\000o\000n\000s}{subsection.5.1}% 23
\BOOKMARK [2][-]{subsection.5.2}{\376\377\0004\000-\000C\000l\000i\000q\000u\000e\000\040\000C\000o\000u\000n\000t\000i\000n\000g}{section.5}% 24
\BOOKMARK [2][-]{subsection.5.3}{\376\377\000S\000i\000m\000u\000l\000a\000t\000e\000d\000\040\000M\000e\000t\000h\000o\000d\000\040\000T\000e\000s\000t\000s}{section.5}% 25
\BOOKMARK [3][-]{subsubsection.5.3.1}{\376\377\000G\000a\000u\000s\000s\000i\000a\000n\000\040\000N\000o\000i\000s\000e\000\040\000R\000e\000l\000a\000t\000i\000o\000n\000s\000h\000i\000p}{subsection.5.3}% 26
\BOOKMARK [3][-]{subsubsection.5.3.2}{\376\377\000M\000u\000l\000t\000i\000p\000l\000i\000c\000a\000t\000i\000v\000e\000\040\000N\000o\000i\000s\000e\000\040\000R\000e\000l\000a\000t\000i\000o\000n\000s\000h\000i\000p}{subsection.5.3}% 27
\BOOKMARK [1][-]{section.6}{\376\377\000D\000i\000s\000c\000u\000s\000s\000i\000o\000n}{}% 28
\BOOKMARK [2][-]{subsection.6.1}{\376\377\000T\000h\000e\000o\000r\000e\000t\000i\000c\000a\000l\000\040\000A\000n\000a\000l\000y\000s\000i\000s\000\040\000o\000f\000\040\000V\000a\000r\000i\000a\000n\000c\000e\000s}{section.6}% 29
\BOOKMARK [3][-]{subsubsection.6.1.1}{\376\377\000U\000n\000i\000f\000o\000r\000m\000\040\000S\000a\000m\000p\000l\000i\000n\000g}{subsection.6.1}% 30
\BOOKMARK [3][-]{subsubsection.6.1.2}{\376\377\000V\000a\000r\000i\000a\000n\000c\000e\000\040\000R\000e\000d\000u\000c\000t\000i\000o\000n}{subsection.6.1}% 31
\BOOKMARK [1][-]{section.7}{\376\377\000C\000o\000n\000c\000l\000u\000s\000i\000o\000n}{}% 32
